{
  "stats": {
    "suites": 1,
    "tests": 2,
    "passes": 2,
    "pending": 0,
    "failures": 0,
    "start": "2022-08-18T20:05:10.035Z",
    "end": "2022-08-18T20:06:41.913Z",
    "duration": 91878,
    "testsRegistered": 2,
    "passPercent": 100,
    "pendingPercent": 0,
    "other": 0,
    "hasOther": false,
    "skipped": 0,
    "hasSkipped": false
  },
  "results": [
    {
      "uuid": "6eded400-f088-4092-b8de-51748d11fa82",
      "title": "",
      "fullFile": "C:\\Users\\pheli\\automacaoWebdriverJS\\steps\\create_user_test.js",
      "file": "\\steps\\create_user_test.js",
      "beforeHooks": [],
      "afterHooks": [],
      "tests": [],
      "suites": [
        {
          "uuid": "58e2d6c9-75de-4337-8554-cc7f3f8abd38",
          "title": "Create User",
          "fullFile": "C:\\Users\\pheli\\automacaoWebdriverJS\\steps\\create_user_test.js",
          "file": "\\steps\\create_user_test.js",
          "beforeHooks": [
            {
              "title": "\"before all\" hook: codeceptjs.beforeSuite in \"Create User\"",
              "fullTitle": "Create User \"before all\" hook: codeceptjs.beforeSuite in \"Create User\"",
              "timedOut": false,
              "duration": 8484,
              "state": null,
              "speed": null,
              "pass": false,
              "fail": false,
              "pending": false,
              "context": null,
              "code": "scenario.suiteSetup(suite)",
              "err": {},
              "uuid": "724eaff4-a68e-4883-922f-418af5dd40bb",
              "parentUUID": "58e2d6c9-75de-4337-8554-cc7f3f8abd38",
              "isHook": true,
              "skipped": false
            },
            {
              "title": "\"before each\" hook: codeceptjs.before in \"Create User\"",
              "fullTitle": "Create User \"before each\" hook: codeceptjs.before in \"Create User\"",
              "timedOut": false,
              "duration": 4724,
              "state": null,
              "speed": null,
              "pass": false,
              "fail": false,
              "pending": false,
              "context": null,
              "code": "scenario.setup(suite)",
              "err": {},
              "uuid": "416f05b3-6e80-4355-9c22-78e0d7ceffc3",
              "parentUUID": "58e2d6c9-75de-4337-8554-cc7f3f8abd38",
              "isHook": true,
              "skipped": false
            }
          ],
          "afterHooks": [
            {
              "title": "\"after all\" hook: codeceptjs.afterSuite in \"Create User\"",
              "fullTitle": "Create User \"after all\" hook: codeceptjs.afterSuite in \"Create User\"",
              "timedOut": false,
              "duration": 0,
              "state": null,
              "speed": null,
              "pass": false,
              "fail": false,
              "pending": false,
              "context": null,
              "code": "scenario.suiteTeardown(suite)",
              "err": {},
              "uuid": "7ee69193-be32-49b6-8796-c20cc111dc2f",
              "parentUUID": "58e2d6c9-75de-4337-8554-cc7f3f8abd38",
              "isHook": true,
              "skipped": false
            },
            {
              "title": "\"after each\" hook: finalize codeceptjs in \"Create User\"",
              "fullTitle": "Create User \"after each\" hook: finalize codeceptjs in \"Create User\"",
              "timedOut": false,
              "duration": 633,
              "state": null,
              "speed": null,
              "pass": false,
              "fail": false,
              "pending": false,
              "context": null,
              "code": "scenario.teardown(suite)",
              "err": {},
              "uuid": "da7aeff9-9e0d-4c35-bbae-cafd0ae1b701",
              "parentUUID": "58e2d6c9-75de-4337-8554-cc7f3f8abd38",
              "isHook": true,
              "skipped": false
            }
          ],
          "tests": [
            {
              "title": "Login With Sucess",
              "fullTitle": "Create User: Login With Sucess",
              "timedOut": false,
              "duration": 19404,
              "state": "passed",
              "speed": "slow",
              "pass": true,
              "fail": false,
              "pending": false,
              "context": null,
              "code": "login }) => {\n    await login('user')",
              "err": {},
              "uuid": "22cc1212-7a28-422e-b7af-480274296db6",
              "parentUUID": "58e2d6c9-75de-4337-8554-cc7f3f8abd38",
              "isHook": false,
              "skipped": false
            },
            {
              "title": "Create a New User",
              "fullTitle": "Create User: Create a New User",
              "timedOut": false,
              "duration": 52809,
              "state": "passed",
              "speed": "slow",
              "pass": true,
              "fail": false,
              "pending": false,
              "context": null,
              "code": "var name = faker.name.firstName();\n    var lastName = faker.name.lastName();\n    I.amOnPage('/')\n    \n    // home\n    home_page.acessLoginPage()\n    // login\n    login_page.submitCreateNewAccount(faker.internet.email())\n    // create user\n    \n    create_user_page.fillFieldsCreateUser(name, lastName)\n    create_user_page.createUser()\n    //my account\n    my_account_page.validateUserLogged(name, lastName)",
              "err": {},
              "uuid": "bdd23dcd-71b5-4f05-aa43-524dded5195f",
              "parentUUID": "58e2d6c9-75de-4337-8554-cc7f3f8abd38",
              "isHook": false,
              "skipped": false
            }
          ],
          "suites": [],
          "passes": [
            "22cc1212-7a28-422e-b7af-480274296db6",
            "bdd23dcd-71b5-4f05-aa43-524dded5195f"
          ],
          "failures": [],
          "pending": [],
          "skipped": [],
          "duration": 72213,
          "root": false,
          "rootEmpty": false,
          "_timeout": 0
        }
      ],
      "passes": [],
      "failures": [],
      "pending": [],
      "skipped": [],
      "duration": 0,
      "root": true,
      "rootEmpty": true,
      "_timeout": 0
    }
  ],
  "meta": {
    "mocha": {
      "version": "8.1.3"
    },
    "mochawesome": {
      "options": {
        "quiet": false,
        "reportFilename": "mochawesome",
        "saveHtml": true,
        "saveJson": true,
        "consoleReporter": "spec",
        "useInlineDiffs": false,
        "code": true
      },
      "version": "7.1.3"
    },
    "marge": {
      "options": {},
      "version": "6.2.0"
    }
  }
}